/*C1*/SET SCHEMA SYSTEM_LOBS
INSERT INTO BLOCKS VALUES(0,2147483647,0)
COMMIT
/*C2*/SET SCHEMA PUBLIC
\u000a    create table account_application (\u000a       id bigint not null,\u000a        loginurl varchar(255),\u000a        when_date date,\u000a        when_time time,\u000a        billing_plan varchar(255),\u000a        client_email varchar(255),\u000a        head varchar(255),\u000a        inn varchar(255),\u000a        client_name varchar(255),\u000a        ogrn varchar(255),\u000a        phone varchar(255),\u000a        comment varchar(2000),\u000a        confirmation_code varchar(255),\u000a        actives boolean not null,\u000a        lend boolean not null,\u000a        loan boolean not null,\u000a        market boolean not null,\u000a        other boolean not null,\u000a        other_text varchar(255),\u000a        produce boolean not null,\u000a        service boolean not null,\u000a        subcontract boolean not null,\u000a        contragents varchar(2000),\u000a        date_created timestamp,\u000a        entity_version timestamp,\u000a        income varchar(255),\u000a        partner_tag varchar(255),\u000a        dob date,\u000a        doi date,\u000a        issuer varchar(255),\u000a        issuer_code varchar(255),\u000a        passport_num varchar(255),\u000a        pob varchar(255),\u000a        passport_ser varchar(255),\u000a        person_snils varchar(255),\u000a        callback_at timestamp,\u000a        status varchar(255),\u000a        subcode integer,\u000a        tax_form varchar(255),\u000a        city_id bigint not null,\u000a        primary key (id)\u000a    )
\u000a    create table attachment (\u000a       id bigint not null,\u000a        att_type integer,\u000a        attachment_name varchar(255),\u000a        content blob(10485760),\u000a        created_at timestamp,\u000a        primary key (id)\u000a    )
\u000a    create table attachment_bank (\u000a       account_application_id bigint not null,\u000a        bank_attachments_id bigint not null,\u000a        primary key (account_application_id, bank_attachments_id)\u000a    )
\u000a    create table attachment_user (\u000a       account_application_id bigint not null,\u000a        attachments_id bigint not null,\u000a        primary key (account_application_id, attachments_id)\u000a    )
\u000a    create table city (\u000a       id bigint not null,\u000a        name varchar(255),\u000a        primary key (id)\u000a    )
\u000a    create table history_item (\u000a       id bigint not null,\u000a        created_at timestamp,\u000a        item_type integer,\u000a        text varchar(255),\u000a        app_id bigint not null,\u000a        primary key (id)\u000a    )
\u000a    alter table attachment_bank \u000a       add constraint UK_l9x9bvxte8jfjp9vq7j1oj3aq unique (bank_attachments_id)
\u000a    alter table attachment_user \u000a       add constraint UK_rpi94932d1ypks7aevk5na4h0 unique (attachments_id)
create sequence hibernate_sequence start with 1 increment by 1
\u000a    alter table account_application \u000a       add constraint FKfxp6eexxq381dmt2vmgcw6no1 \u000a       foreign key (city_id) \u000a       references city
\u000a    alter table attachment_bank \u000a       add constraint FKicoqqq1dwnppl3qfliyyr9bvq \u000a       foreign key (bank_attachments_id) \u000a       references attachment
\u000a    alter table attachment_bank \u000a       add constraint FKlklybgsqmqcxqheb9his03pxq \u000a       foreign key (account_application_id) \u000a       references account_application
\u000a    alter table attachment_user \u000a       add constraint FKpp9v5nq77upfn3g64op3yhpsf \u000a       foreign key (attachments_id) \u000a       references attachment
\u000a    alter table attachment_user \u000a       add constraint FKdn2kacdv80ttqqe473h6kgkrb \u000a       foreign key (account_application_id) \u000a       references account_application
\u000a    alter table history_item \u000a       add constraint FKn6caeoff257dqol2pincprefr \u000a       foreign key (app_id) \u000a       references account_application
INSERT INTO CITY VALUES(1,'\u041c\u043e\u0441\u043a\u0432\u0430')
ALTER SEQUENCE PUBLIC.HIBERNATE_SEQUENCE RESTART WITH 2
COMMIT
INSERT INTO CITY VALUES(2,'\u0427\u0435\u043b\u044f\u0431\u0438\u043d\u0441\u043a')
ALTER SEQUENCE PUBLIC.HIBERNATE_SEQUENCE RESTART WITH 3
COMMIT
INSERT INTO ACCOUNT_APPLICATION VALUES(3,'ZsuqVKvKvz',NULL,NULL,'\u041f\u0440\u043e\u0441\u0442\u043e','info@kgpb.ru','\u0421\u0438\u0434\u043e\u0440\u043e\u0432 \u0410.\u0413.','12345467489','\u0418\u041f \u0427\u0435\u043f\u0438\u0433\u0430 \u0418\u0432\u0430\u043d \u0418\u0432\u0430\u043d\u043e\u0432\u0438\u0447',NULL,'+7898459898',NULL,NULL,FALSE,FALSE,FALSE,FALSE,FALSE,NULL,FALSE,FALSE,FALSE,NULL,'2018-10-23 00:20:56.806000','2018-10-23 00:20:56.836000',NULL,NULL,NULL,NULL,NULL,NULL,NULL,NULL,NULL,NULL,NULL,'CONTACT_INFO_CONFIRMED',NULL,NULL,1)
ALTER SEQUENCE PUBLIC.HIBERNATE_SEQUENCE RESTART WITH 4
COMMIT
INSERT INTO ACCOUNT_APPLICATION VALUES(4,'aoPkqCaxhT',NULL,NULL,'\u041f\u0440\u043e\u0441\u0442\u043e','sailburry@wh.gov','\u0427\u0435\u043f\u0438\u0433\u0430 \u0418.\u0418',NULL,'\u041e\u041e\u041e \u041a\u0440\u0430\u0441\u043d\u044b\u0439 \u0413\u0438\u0434\u0440\u043e\u043f\u0440\u0438\u0431\u043e\u0440','1454523467489','+7898989548',NULL,NULL,FALSE,FALSE,FALSE,FALSE,FALSE,NULL,FALSE,FALSE,FALSE,NULL,'2018-10-23 00:20:56.900000','2018-10-23 00:20:56.904000',NULL,NULL,NULL,NULL,NULL,NULL,NULL,NULL,NULL,NULL,NULL,'CONTACT_INFO_CONFIRMED',NULL,NULL,1)
ALTER SEQUENCE PUBLIC.HIBERNATE_SEQUENCE RESTART WITH 5
COMMIT
DISCONNECT
/*C3*/SET SCHEMA PUBLIC
DISCONNECT
/*C4*/SET SCHEMA PUBLIC
DISCONNECT
/*C5*/SET SCHEMA PUBLIC
DISCONNECT
/*C6*/SET SCHEMA PUBLIC
DISCONNECT
/*C7*/SET SCHEMA PUBLIC
DISCONNECT
/*C8*/SET SCHEMA PUBLIC
DISCONNECT
/*C9*/SET SCHEMA PUBLIC
DISCONNECT
/*C10*/SET SCHEMA PUBLIC
DISCONNECT
/*C11*/SET SCHEMA PUBLIC
DISCONNECT
